[INFO] 15:27:41:199 MEMORIA/(7041:7041): TLB inicializada correctamente
[INFO] 15:29:48:039 MEMORIA/(7211:7211): TLB inicializada correctamente
[INFO] 15:29:48:044 MEMORIA/(7211:7211): Tengo 12 frames de 32 bytes en memoria principal
[INFO] 15:29:48:044 MEMORIA/(7211:7211): Inicializa memoria
[INFO] 15:29:48:044 MEMORIA/(7211:7211): Ya me conecte con swamp y los marcos max son: 0 

[INFO] 15:42:42:577 MEMORIA/(7546:7546): TLB inicializada correctamente
[INFO] 15:53:25:191 MEMORIA/(8068:8068): TLB inicializada correctamente
[INFO] 17:08:13:703 MEMORIA/(4161:4161): TLB inicializada correctamente
[INFO] 17:08:13:703 MEMORIA/(4161:4161): Tengo 12 frames de 32 bytes en memoria principal
[INFO] 17:08:14:149 MEMORIA/(4161:4161): Inicializa memoria
[INFO] 17:08:14:865 MEMORIA/(4161:4161): Ya me conecte con swamp y los marcos max son: 0 

[INFO] 17:08:22:736 MEMORIA/(4161:4161): Inicializando el proceso 0...
[INFO] 17:08:22:736 MEMORIA/(4161:4161): El proceso 0 fue inicializado correctamente.
[INFO] 17:08:22:736 MEMORIA/(4161:4161): Se le asignaron correctamente 10 bytes al proceso 0.
[INFO] 17:08:27:584 MEMORIA/(4161:4161): Alocando 12 bytes de memoria para el proceso 0.
[INFO] 17:08:27:584 MEMORIA/(4161:4161): [TLB MISS] PID: 0 NRO_PAG: 0
[INFO] 17:08:27:584 MEMORIA/(4161:4161): [TLB HIT] PID: 0  NRO_PAG: 0  FRAME: 0 

[INFO] 17:08:27:584 MEMORIA/(4161:4161): [TLB HIT] PID: 0  NRO_PAG: 0  FRAME: 0 

[INFO] 17:08:27:584 MEMORIA/(4161:4161): [TLB HIT] PID: 0  NRO_PAG: 0  FRAME: 0 

[INFO] 17:08:27:585 MEMORIA/(4161:4161): [TLB MISS] PID: 0 NRO_PAG: 1
[INFO] 17:08:27:586 MEMORIA/(4161:4161): Se le asignaron correctamente 12 bytes al proceso 0.
[INFO] 17:08:28:017 MEMORIA/(4161:4161): Alocando 10 bytes de memoria para el proceso 0.
[INFO] 17:08:28:017 MEMORIA/(4161:4161): [TLB HIT] PID: 0  NRO_PAG: 0  FRAME: 0 

[INFO] 17:08:28:017 MEMORIA/(4161:4161): [TLB HIT] PID: 0  NRO_PAG: 0  FRAME: 0 

[INFO] 17:08:28:017 MEMORIA/(4161:4161): [TLB HIT] PID: 0  NRO_PAG: 1  FRAME: 1 

[INFO] 17:08:28:018 MEMORIA/(4161:4161): [TLB HIT] PID: 0  NRO_PAG: 1  FRAME: 1 

[INFO] 17:08:28:019 MEMORIA/(4161:4161): [TLB HIT] PID: 0  NRO_PAG: 1  FRAME: 1 

[INFO] 17:08:28:022 MEMORIA/(4161:4161): [TLB HIT] PID: 0  NRO_PAG: 1  FRAME: 1 

[INFO] 17:08:28:025 MEMORIA/(4161:4161): [TLB MISS] PID: 0 NRO_PAG: 2
[INFO] 17:08:28:025 MEMORIA/(4161:4161): || TLB FIFO || [VICTIMA] PID: 0 | NRO_PAG: 0 | FRAME: 0 ||| [NUEVA ENTRADA] PID: 0 | NRO_PAG: 2 | FRAME: 2 | 

[INFO] 17:08:28:028 MEMORIA/(4161:4161): Se le asignaron correctamente 10 bytes al proceso 0.
[INFO] 17:08:28:473 MEMORIA/(4161:4161): Alocando 12 bytes de memoria para el proceso 0.
[INFO] 17:08:28:474 MEMORIA/(4161:4161): [TLB MISS] PID: 0 NRO_PAG: 0
[INFO] 17:08:28:474 MEMORIA/(4161:4161): || TLB FIFO || [VICTIMA] PID: 0 | NRO_PAG: 1 | FRAME: 1 ||| [NUEVA ENTRADA] PID: 0 | NRO_PAG: 0 | FRAME: 0 | 

[INFO] 17:08:28:474 MEMORIA/(4161:4161): [TLB HIT] PID: 0  NRO_PAG: 0  FRAME: 0 

[INFO] 17:08:28:474 MEMORIA/(4161:4161): [TLB MISS] PID: 0 NRO_PAG: 1
[INFO] 17:08:28:474 MEMORIA/(4161:4161): || TLB FIFO || [VICTIMA] PID: 0 | NRO_PAG: 2 | FRAME: 2 ||| [NUEVA ENTRADA] PID: 0 | NRO_PAG: 1 | FRAME: 1 | 

[INFO] 17:08:28:474 MEMORIA/(4161:4161): [TLB HIT] PID: 0  NRO_PAG: 1  FRAME: 1 

[INFO] 17:08:28:474 MEMORIA/(4161:4161): [TLB MISS] PID: 0 NRO_PAG: 2
[INFO] 17:08:28:474 MEMORIA/(4161:4161): || TLB FIFO || [VICTIMA] PID: 0 | NRO_PAG: 0 | FRAME: 0 ||| [NUEVA ENTRADA] PID: 0 | NRO_PAG: 2 | FRAME: 2 | 

[INFO] 17:08:28:477 MEMORIA/(4161:4161): [TLB HIT] PID: 0  NRO_PAG: 1  FRAME: 1 

[INFO] 17:08:28:478 MEMORIA/(4161:4161): [TLB HIT] PID: 0  NRO_PAG: 2  FRAME: 2 

[INFO] 17:08:28:478 MEMORIA/(4161:4161): [TLB HIT] PID: 0  NRO_PAG: 1  FRAME: 1 

[INFO] 17:08:28:478 MEMORIA/(4161:4161): Se le asignaron correctamente 12 bytes al proceso 0.
[INFO] 17:08:29:211 MEMORIA/(4161:4161): Alocando 12 bytes de memoria para el proceso 0.
[INFO] 17:08:29:211 MEMORIA/(4161:4161): [TLB MISS] PID: 0 NRO_PAG: 0
[INFO] 17:08:29:211 MEMORIA/(4161:4161): || TLB FIFO || [VICTIMA] PID: 0 | NRO_PAG: 1 | FRAME: 1 ||| [NUEVA ENTRADA] PID: 0 | NRO_PAG: 0 | FRAME: 0 | 

[INFO] 17:08:29:211 MEMORIA/(4161:4161): [TLB HIT] PID: 0  NRO_PAG: 0  FRAME: 0 

[INFO] 17:08:29:213 MEMORIA/(4161:4161): [TLB MISS] PID: 0 NRO_PAG: 1
[INFO] 17:08:29:213 MEMORIA/(4161:4161): || TLB FIFO || [VICTIMA] PID: 0 | NRO_PAG: 2 | FRAME: 2 ||| [NUEVA ENTRADA] PID: 0 | NRO_PAG: 1 | FRAME: 1 | 

[INFO] 17:08:29:214 MEMORIA/(4161:4161): [TLB HIT] PID: 0  NRO_PAG: 1  FRAME: 1 

[INFO] 17:08:29:216 MEMORIA/(4161:4161): [TLB MISS] PID: 0 NRO_PAG: 2
[INFO] 17:08:29:216 MEMORIA/(4161:4161): || TLB FIFO || [VICTIMA] PID: 0 | NRO_PAG: 0 | FRAME: 0 ||| [NUEVA ENTRADA] PID: 0 | NRO_PAG: 2 | FRAME: 2 | 

[INFO] 17:08:29:218 MEMORIA/(4161:4161): [TLB HIT] PID: 0  NRO_PAG: 2  FRAME: 2 

[INFO] 17:08:29:218 MEMORIA/(4161:4161): [TLB HIT] PID: 0  NRO_PAG: 2  FRAME: 2 

[INFO] 17:08:29:219 MEMORIA/(4161:4161): [TLB HIT] PID: 0  NRO_PAG: 2  FRAME: 2 

[INFO] 17:08:29:220 MEMORIA/(4161:4161): [TLB MISS] PID: 0 NRO_PAG: 3
[INFO] 17:08:29:220 MEMORIA/(4161:4161): || TLB FIFO || [VICTIMA] PID: 0 | NRO_PAG: 1 | FRAME: 1 ||| [NUEVA ENTRADA] PID: 0 | NRO_PAG: 3 | FRAME: 3 | 

[INFO] 17:08:29:220 MEMORIA/(4161:4161): Se le asignaron correctamente 12 bytes al proceso 0.
[INFO] 17:08:32:293 MEMORIA/(4161:4161): Alocando 40 bytes de memoria para el proceso 0.
[INFO] 17:08:32:293 MEMORIA/(4161:4161): [TLB MISS] PID: 0 NRO_PAG: 0
[INFO] 17:08:32:293 MEMORIA/(4161:4161): || TLB FIFO || [VICTIMA] PID: 0 | NRO_PAG: 2 | FRAME: 2 ||| [NUEVA ENTRADA] PID: 0 | NRO_PAG: 0 | FRAME: 0 | 

[INFO] 17:08:32:293 MEMORIA/(4161:4161): [TLB HIT] PID: 0  NRO_PAG: 0  FRAME: 0 

[INFO] 17:08:32:293 MEMORIA/(4161:4161): [TLB MISS] PID: 0 NRO_PAG: 1
[INFO] 17:08:32:293 MEMORIA/(4161:4161): || TLB FIFO || [VICTIMA] PID: 0 | NRO_PAG: 3 | FRAME: 3 ||| [NUEVA ENTRADA] PID: 0 | NRO_PAG: 1 | FRAME: 1 | 

[INFO] 17:08:32:293 MEMORIA/(4161:4161): [TLB HIT] PID: 0  NRO_PAG: 1  FRAME: 1 

[INFO] 17:08:32:293 MEMORIA/(4161:4161): [TLB MISS] PID: 0 NRO_PAG: 2
[INFO] 17:08:32:293 MEMORIA/(4161:4161): || TLB FIFO || [VICTIMA] PID: 0 | NRO_PAG: 0 | FRAME: 0 ||| [NUEVA ENTRADA] PID: 0 | NRO_PAG: 2 | FRAME: 2 | 

[INFO] 17:08:32:293 MEMORIA/(4161:4161): [TLB HIT] PID: 0  NRO_PAG: 2  FRAME: 2 

[INFO] 17:08:32:293 MEMORIA/(4161:4161): [TLB MISS] PID: 0 NRO_PAG: 3
[INFO] 17:08:32:293 MEMORIA/(4161:4161): || TLB FIFO || [VICTIMA] PID: 0 | NRO_PAG: 1 | FRAME: 1 ||| [NUEVA ENTRADA] PID: 0 | NRO_PAG: 3 | FRAME: 3 | 

[INFO] 17:08:32:294 MEMORIA/(4161:4161): [TLB HIT] PID: 0  NRO_PAG: 3  FRAME: 3 

[INFO] 17:08:32:294 MEMORIA/(4161:4161): [TLB HIT] PID: 0  NRO_PAG: 3  FRAME: 3 

[INFO] 17:08:32:294 MEMORIA/(4161:4161): [TLB MISS] PID: 0 NRO_PAG: 4
[INFO] 17:08:32:294 MEMORIA/(4161:4161): || TLB FIFO || [VICTIMA] PID: 0 | NRO_PAG: 2 | FRAME: 2 ||| [NUEVA ENTRADA] PID: 0 | NRO_PAG: 4 | FRAME: 4 | 

[INFO] 17:08:32:294 MEMORIA/(4161:4161): Se le asignaron correctamente 40 bytes al proceso 0.
[INFO] 17:19:02:685 MEMORIA/(4504:4504): TLB inicializada correctamente
[INFO] 17:19:02:693 MEMORIA/(4504:4504): Tengo 12 frames de 32 bytes en memoria principal
[INFO] 17:19:03:141 MEMORIA/(4504:4504): Inicializa memoria
[INFO] 17:19:03:457 MEMORIA/(4504:4504): Ya me conecte con swamp y los marcos max son: 0 

[INFO] 17:19:03:840 MEMORIA/(4504:4504): Inicializando el proceso 0...
[INFO] 17:19:03:840 MEMORIA/(4504:4504): El proceso 0 fue inicializado correctamente.
[INFO] 17:19:03:840 MEMORIA/(4504:4504): Se le asignaron correctamente 10 bytes al proceso 0.
[INFO] 17:19:04:092 MEMORIA/(4504:4504): Alocando 12 bytes de memoria para el proceso 0.
[INFO] 17:19:04:092 MEMORIA/(4504:4504): [TLB MISS] PID: 0 NRO_PAG: 0
[INFO] 17:19:04:092 MEMORIA/(4504:4504): [TLB HIT] PID: 0  NRO_PAG: 0  FRAME: 0 

[INFO] 17:19:04:092 MEMORIA/(4504:4504): [TLB HIT] PID: 0  NRO_PAG: 0  FRAME: 0 

[INFO] 17:19:04:092 MEMORIA/(4504:4504): [TLB HIT] PID: 0  NRO_PAG: 0  FRAME: 0 

[INFO] 17:19:04:092 MEMORIA/(4504:4504): [TLB MISS] PID: 0 NRO_PAG: 1
[INFO] 17:19:04:094 MEMORIA/(4504:4504): Se le asignaron correctamente 12 bytes al proceso 0.
[INFO] 17:19:04:438 MEMORIA/(4504:4504): Alocando 10 bytes de memoria para el proceso 0.
[INFO] 17:19:04:438 MEMORIA/(4504:4504): [TLB HIT] PID: 0  NRO_PAG: 0  FRAME: 0 

[INFO] 17:19:04:438 MEMORIA/(4504:4504): [TLB HIT] PID: 0  NRO_PAG: 0  FRAME: 0 

[INFO] 17:19:04:438 MEMORIA/(4504:4504): [TLB HIT] PID: 0  NRO_PAG: 1  FRAME: 1 

[INFO] 17:19:04:438 MEMORIA/(4504:4504): [TLB HIT] PID: 0  NRO_PAG: 1  FRAME: 1 

[INFO] 17:19:04:438 MEMORIA/(4504:4504): [TLB HIT] PID: 0  NRO_PAG: 1  FRAME: 1 

[INFO] 17:19:04:438 MEMORIA/(4504:4504): [TLB HIT] PID: 0  NRO_PAG: 1  FRAME: 1 

[INFO] 17:19:04:438 MEMORIA/(4504:4504): [TLB MISS] PID: 0 NRO_PAG: 2
[INFO] 17:19:04:438 MEMORIA/(4504:4504): || TLB FIFO || [VICTIMA] PID: 0 | NRO_PAG: 0 | FRAME: 0 ||| [NUEVA ENTRADA] PID: 0 | NRO_PAG: 2 | FRAME: 2 | 

[INFO] 17:19:04:438 MEMORIA/(4504:4504): Se le asignaron correctamente 10 bytes al proceso 0.
[INFO] 17:19:04:869 MEMORIA/(4504:4504): Alocando 12 bytes de memoria para el proceso 0.
[INFO] 17:19:04:869 MEMORIA/(4504:4504): [TLB MISS] PID: 0 NRO_PAG: 0
[INFO] 17:19:04:869 MEMORIA/(4504:4504): || TLB FIFO || [VICTIMA] PID: 0 | NRO_PAG: 1 | FRAME: 1 ||| [NUEVA ENTRADA] PID: 0 | NRO_PAG: 0 | FRAME: 0 | 

[INFO] 17:19:04:869 MEMORIA/(4504:4504): [TLB HIT] PID: 0  NRO_PAG: 0  FRAME: 0 

[INFO] 17:19:04:869 MEMORIA/(4504:4504): [TLB MISS] PID: 0 NRO_PAG: 1
[INFO] 17:19:04:869 MEMORIA/(4504:4504): || TLB FIFO || [VICTIMA] PID: 0 | NRO_PAG: 2 | FRAME: 2 ||| [NUEVA ENTRADA] PID: 0 | NRO_PAG: 1 | FRAME: 1 | 

[INFO] 17:19:04:869 MEMORIA/(4504:4504): [TLB HIT] PID: 0  NRO_PAG: 1  FRAME: 1 

[INFO] 17:19:04:870 MEMORIA/(4504:4504): [TLB MISS] PID: 0 NRO_PAG: 2
[INFO] 17:19:04:870 MEMORIA/(4504:4504): || TLB FIFO || [VICTIMA] PID: 0 | NRO_PAG: 0 | FRAME: 0 ||| [NUEVA ENTRADA] PID: 0 | NRO_PAG: 2 | FRAME: 2 | 

[INFO] 17:19:04:871 MEMORIA/(4504:4504): [TLB HIT] PID: 0  NRO_PAG: 1  FRAME: 1 

[INFO] 17:19:04:874 MEMORIA/(4504:4504): [TLB HIT] PID: 0  NRO_PAG: 2  FRAME: 2 

[INFO] 17:19:04:877 MEMORIA/(4504:4504): [TLB HIT] PID: 0  NRO_PAG: 1  FRAME: 1 

[INFO] 17:19:04:879 MEMORIA/(4504:4504): Se le asignaron correctamente 12 bytes al proceso 0.
[INFO] 17:19:05:340 MEMORIA/(4504:4504): Alocando 12 bytes de memoria para el proceso 0.
[INFO] 17:19:05:340 MEMORIA/(4504:4504): [TLB MISS] PID: 0 NRO_PAG: 0
[INFO] 17:19:05:340 MEMORIA/(4504:4504): || TLB FIFO || [VICTIMA] PID: 0 | NRO_PAG: 1 | FRAME: 1 ||| [NUEVA ENTRADA] PID: 0 | NRO_PAG: 0 | FRAME: 0 | 

[INFO] 17:19:05:340 MEMORIA/(4504:4504): [TLB HIT] PID: 0  NRO_PAG: 0  FRAME: 0 

[INFO] 17:19:05:340 MEMORIA/(4504:4504): [TLB MISS] PID: 0 NRO_PAG: 1
[INFO] 17:19:05:340 MEMORIA/(4504:4504): || TLB FIFO || [VICTIMA] PID: 0 | NRO_PAG: 2 | FRAME: 2 ||| [NUEVA ENTRADA] PID: 0 | NRO_PAG: 1 | FRAME: 1 | 

[INFO] 17:19:05:340 MEMORIA/(4504:4504): [TLB HIT] PID: 0  NRO_PAG: 1  FRAME: 1 

[INFO] 17:19:05:340 MEMORIA/(4504:4504): [TLB MISS] PID: 0 NRO_PAG: 2
[INFO] 17:19:05:340 MEMORIA/(4504:4504): || TLB FIFO || [VICTIMA] PID: 0 | NRO_PAG: 0 | FRAME: 0 ||| [NUEVA ENTRADA] PID: 0 | NRO_PAG: 2 | FRAME: 2 | 

[INFO] 17:19:05:340 MEMORIA/(4504:4504): [TLB HIT] PID: 0  NRO_PAG: 2  FRAME: 2 

[INFO] 17:19:05:341 MEMORIA/(4504:4504): [TLB HIT] PID: 0  NRO_PAG: 2  FRAME: 2 

[INFO] 17:19:05:341 MEMORIA/(4504:4504): [TLB HIT] PID: 0  NRO_PAG: 2  FRAME: 2 

[INFO] 17:19:05:341 MEMORIA/(4504:4504): [TLB MISS] PID: 0 NRO_PAG: 3
[INFO] 17:19:05:341 MEMORIA/(4504:4504): || TLB FIFO || [VICTIMA] PID: 0 | NRO_PAG: 1 | FRAME: 1 ||| [NUEVA ENTRADA] PID: 0 | NRO_PAG: 3 | FRAME: 3 | 

[INFO] 17:19:05:341 MEMORIA/(4504:4504): Se le asignaron correctamente 12 bytes al proceso 0.
[INFO] 17:19:08:435 MEMORIA/(4504:4504): Alocando 40 bytes de memoria para el proceso 0.
[INFO] 17:19:08:435 MEMORIA/(4504:4504): [TLB MISS] PID: 0 NRO_PAG: 0
[INFO] 17:19:08:435 MEMORIA/(4504:4504): || TLB FIFO || [VICTIMA] PID: 0 | NRO_PAG: 2 | FRAME: 2 ||| [NUEVA ENTRADA] PID: 0 | NRO_PAG: 0 | FRAME: 0 | 

[INFO] 17:19:08:437 MEMORIA/(4504:4504): [TLB HIT] PID: 0  NRO_PAG: 0  FRAME: 0 

[INFO] 17:19:08:438 MEMORIA/(4504:4504): [TLB MISS] PID: 0 NRO_PAG: 1
[INFO] 17:19:08:438 MEMORIA/(4504:4504): || TLB FIFO || [VICTIMA] PID: 0 | NRO_PAG: 3 | FRAME: 3 ||| [NUEVA ENTRADA] PID: 0 | NRO_PAG: 1 | FRAME: 1 | 

[INFO] 17:19:08:438 MEMORIA/(4504:4504): [TLB HIT] PID: 0  NRO_PAG: 1  FRAME: 1 

[INFO] 17:19:08:438 MEMORIA/(4504:4504): [TLB MISS] PID: 0 NRO_PAG: 2
[INFO] 17:19:08:438 MEMORIA/(4504:4504): || TLB FIFO || [VICTIMA] PID: 0 | NRO_PAG: 0 | FRAME: 0 ||| [NUEVA ENTRADA] PID: 0 | NRO_PAG: 2 | FRAME: 2 | 

[INFO] 17:19:08:438 MEMORIA/(4504:4504): [TLB HIT] PID: 0  NRO_PAG: 2  FRAME: 2 

[INFO] 17:19:08:440 MEMORIA/(4504:4504): [TLB MISS] PID: 0 NRO_PAG: 3
[INFO] 17:19:08:440 MEMORIA/(4504:4504): || TLB FIFO || [VICTIMA] PID: 0 | NRO_PAG: 1 | FRAME: 1 ||| [NUEVA ENTRADA] PID: 0 | NRO_PAG: 3 | FRAME: 3 | 

[INFO] 17:19:08:442 MEMORIA/(4504:4504): [TLB HIT] PID: 0  NRO_PAG: 3  FRAME: 3 

[INFO] 17:19:08:442 MEMORIA/(4504:4504): [TLB HIT] PID: 0  NRO_PAG: 3  FRAME: 3 

[INFO] 17:19:08:446 MEMORIA/(4504:4504): [TLB MISS] PID: 0 NRO_PAG: 4
[INFO] 17:19:08:446 MEMORIA/(4504:4504): || TLB FIFO || [VICTIMA] PID: 0 | NRO_PAG: 2 | FRAME: 2 ||| [NUEVA ENTRADA] PID: 0 | NRO_PAG: 4 | FRAME: 4 | 

[INFO] 17:19:08:449 MEMORIA/(4504:4504): Se le asignaron correctamente 40 bytes al proceso 0.
[INFO] 17:19:37:869 MEMORIA/(4504:4504): [TLB MISS] PID: 0 NRO_PAG: 0
[INFO] 17:19:37:869 MEMORIA/(4504:4504): || TLB FIFO || [VICTIMA] PID: 0 | NRO_PAG: 3 | FRAME: 3 ||| [NUEVA ENTRADA] PID: 0 | NRO_PAG: 0 | FRAME: 0 | 

[INFO] 17:20:28:364 MEMORIA/(4504:4504): [TLB HIT] PID: 0  NRO_PAG: 0  FRAME: 0 

[INFO] 17:22:45:211 MEMORIA/(4504:4504): [TLB HIT] PID: 0  NRO_PAG: 0  FRAME: 0 

[INFO] 17:24:31:211 MEMORIA/(4773:4773): TLB inicializada correctamente
[INFO] 17:24:31:212 MEMORIA/(4773:4773): Tengo 12 frames de 32 bytes en memoria principal
[INFO] 17:24:31:392 MEMORIA/(4773:4773): Inicializa memoria
[INFO] 17:24:31:554 MEMORIA/(4773:4773): Ya me conecte con swamp y los marcos max son: 0 

[INFO] 17:24:31:719 MEMORIA/(4773:4773): Inicializando el proceso 0...
[INFO] 17:24:31:719 MEMORIA/(4773:4773): El proceso 0 fue inicializado correctamente.
[INFO] 17:24:31:719 MEMORIA/(4773:4773): Se le asignaron correctamente 10 bytes al proceso 0.
[INFO] 17:24:31:875 MEMORIA/(4773:4773): Alocando 12 bytes de memoria para el proceso 0.
[INFO] 17:24:31:875 MEMORIA/(4773:4773): [TLB MISS] PID: 0 NRO_PAG: 0
[INFO] 17:24:31:876 MEMORIA/(4773:4773): [TLB HIT] PID: 0  NRO_PAG: 0  FRAME: 0 

[INFO] 17:24:31:876 MEMORIA/(4773:4773): [TLB HIT] PID: 0  NRO_PAG: 0  FRAME: 0 

[INFO] 17:24:31:876 MEMORIA/(4773:4773): [TLB HIT] PID: 0  NRO_PAG: 0  FRAME: 0 

[INFO] 17:24:31:876 MEMORIA/(4773:4773): [TLB MISS] PID: 0 NRO_PAG: 1
[INFO] 17:24:31:876 MEMORIA/(4773:4773): Se le asignaron correctamente 12 bytes al proceso 0.
[INFO] 17:24:32:057 MEMORIA/(4773:4773): Alocando 10 bytes de memoria para el proceso 0.
[INFO] 17:24:32:058 MEMORIA/(4773:4773): [TLB HIT] PID: 0  NRO_PAG: 0  FRAME: 0 

[INFO] 17:24:32:058 MEMORIA/(4773:4773): [TLB HIT] PID: 0  NRO_PAG: 0  FRAME: 0 

[INFO] 17:24:32:058 MEMORIA/(4773:4773): [TLB HIT] PID: 0  NRO_PAG: 1  FRAME: 1 

[INFO] 17:24:32:058 MEMORIA/(4773:4773): [TLB HIT] PID: 0  NRO_PAG: 1  FRAME: 1 

[INFO] 17:24:32:059 MEMORIA/(4773:4773): [TLB HIT] PID: 0  NRO_PAG: 1  FRAME: 1 

[INFO] 17:24:32:060 MEMORIA/(4773:4773): [TLB HIT] PID: 0  NRO_PAG: 1  FRAME: 1 

[INFO] 17:24:32:060 MEMORIA/(4773:4773): [TLB MISS] PID: 0 NRO_PAG: 2
[INFO] 17:24:32:060 MEMORIA/(4773:4773): || TLB FIFO || [VICTIMA] PID: 0 | NRO_PAG: 0 | FRAME: 0 ||| [NUEVA ENTRADA] PID: 0 | NRO_PAG: 2 | FRAME: 2 | 

[INFO] 17:24:32:061 MEMORIA/(4773:4773): Se le asignaron correctamente 10 bytes al proceso 0.
[INFO] 17:24:32:571 MEMORIA/(4773:4773): Alocando 12 bytes de memoria para el proceso 0.
[INFO] 17:24:32:571 MEMORIA/(4773:4773): [TLB MISS] PID: 0 NRO_PAG: 0
[INFO] 17:24:32:571 MEMORIA/(4773:4773): || TLB FIFO || [VICTIMA] PID: 0 | NRO_PAG: 1 | FRAME: 1 ||| [NUEVA ENTRADA] PID: 0 | NRO_PAG: 0 | FRAME: 0 | 

[INFO] 17:24:32:573 MEMORIA/(4773:4773): [TLB HIT] PID: 0  NRO_PAG: 0  FRAME: 0 

[INFO] 17:24:32:575 MEMORIA/(4773:4773): [TLB MISS] PID: 0 NRO_PAG: 1
[INFO] 17:24:32:575 MEMORIA/(4773:4773): || TLB FIFO || [VICTIMA] PID: 0 | NRO_PAG: 2 | FRAME: 2 ||| [NUEVA ENTRADA] PID: 0 | NRO_PAG: 1 | FRAME: 1 | 

[INFO] 17:24:32:577 MEMORIA/(4773:4773): [TLB HIT] PID: 0  NRO_PAG: 1  FRAME: 1 

[INFO] 17:24:32:577 MEMORIA/(4773:4773): [TLB MISS] PID: 0 NRO_PAG: 2
[INFO] 17:24:32:577 MEMORIA/(4773:4773): || TLB FIFO || [VICTIMA] PID: 0 | NRO_PAG: 0 | FRAME: 0 ||| [NUEVA ENTRADA] PID: 0 | NRO_PAG: 2 | FRAME: 2 | 

[INFO] 17:24:32:577 MEMORIA/(4773:4773): [TLB HIT] PID: 0  NRO_PAG: 1  FRAME: 1 

[INFO] 17:24:32:577 MEMORIA/(4773:4773): [TLB HIT] PID: 0  NRO_PAG: 2  FRAME: 2 

[INFO] 17:24:32:577 MEMORIA/(4773:4773): [TLB HIT] PID: 0  NRO_PAG: 1  FRAME: 1 

[INFO] 17:24:32:577 MEMORIA/(4773:4773): Se le asignaron correctamente 12 bytes al proceso 0.
[INFO] 17:24:33:428 MEMORIA/(4773:4773): Alocando 12 bytes de memoria para el proceso 0.
[INFO] 17:24:33:428 MEMORIA/(4773:4773): [TLB MISS] PID: 0 NRO_PAG: 0
[INFO] 17:24:33:428 MEMORIA/(4773:4773): || TLB FIFO || [VICTIMA] PID: 0 | NRO_PAG: 1 | FRAME: 1 ||| [NUEVA ENTRADA] PID: 0 | NRO_PAG: 0 | FRAME: 0 | 

[INFO] 17:24:33:430 MEMORIA/(4773:4773): [TLB HIT] PID: 0  NRO_PAG: 0  FRAME: 0 

[INFO] 17:24:33:432 MEMORIA/(4773:4773): [TLB MISS] PID: 0 NRO_PAG: 1
[INFO] 17:24:33:432 MEMORIA/(4773:4773): || TLB FIFO || [VICTIMA] PID: 0 | NRO_PAG: 2 | FRAME: 2 ||| [NUEVA ENTRADA] PID: 0 | NRO_PAG: 1 | FRAME: 1 | 

[INFO] 17:24:33:433 MEMORIA/(4773:4773): [TLB HIT] PID: 0  NRO_PAG: 1  FRAME: 1 

[INFO] 17:24:33:433 MEMORIA/(4773:4773): [TLB MISS] PID: 0 NRO_PAG: 2
[INFO] 17:24:33:433 MEMORIA/(4773:4773): || TLB FIFO || [VICTIMA] PID: 0 | NRO_PAG: 0 | FRAME: 0 ||| [NUEVA ENTRADA] PID: 0 | NRO_PAG: 2 | FRAME: 2 | 

[INFO] 17:24:33:433 MEMORIA/(4773:4773): [TLB HIT] PID: 0  NRO_PAG: 2  FRAME: 2 

[INFO] 17:24:33:433 MEMORIA/(4773:4773): [TLB HIT] PID: 0  NRO_PAG: 2  FRAME: 2 

[INFO] 17:24:33:434 MEMORIA/(4773:4773): [TLB HIT] PID: 0  NRO_PAG: 2  FRAME: 2 

[INFO] 17:24:33:443 MEMORIA/(4773:4773): [TLB MISS] PID: 0 NRO_PAG: 3
[INFO] 17:24:33:443 MEMORIA/(4773:4773): || TLB FIFO || [VICTIMA] PID: 0 | NRO_PAG: 1 | FRAME: 1 ||| [NUEVA ENTRADA] PID: 0 | NRO_PAG: 3 | FRAME: 3 | 

[INFO] 17:24:33:443 MEMORIA/(4773:4773): Se le asignaron correctamente 12 bytes al proceso 0.
[INFO] 17:24:34:933 MEMORIA/(4773:4773): Alocando 40 bytes de memoria para el proceso 0.
[INFO] 17:24:34:933 MEMORIA/(4773:4773): [TLB MISS] PID: 0 NRO_PAG: 0
[INFO] 17:24:34:933 MEMORIA/(4773:4773): || TLB FIFO || [VICTIMA] PID: 0 | NRO_PAG: 2 | FRAME: 2 ||| [NUEVA ENTRADA] PID: 0 | NRO_PAG: 0 | FRAME: 0 | 

[INFO] 17:24:34:934 MEMORIA/(4773:4773): [TLB HIT] PID: 0  NRO_PAG: 0  FRAME: 0 

[INFO] 17:24:34:935 MEMORIA/(4773:4773): [TLB MISS] PID: 0 NRO_PAG: 1
[INFO] 17:24:34:935 MEMORIA/(4773:4773): || TLB FIFO || [VICTIMA] PID: 0 | NRO_PAG: 3 | FRAME: 3 ||| [NUEVA ENTRADA] PID: 0 | NRO_PAG: 1 | FRAME: 1 | 

[INFO] 17:24:34:936 MEMORIA/(4773:4773): [TLB HIT] PID: 0  NRO_PAG: 1  FRAME: 1 

[INFO] 17:24:34:936 MEMORIA/(4773:4773): [TLB MISS] PID: 0 NRO_PAG: 2
[INFO] 17:24:34:936 MEMORIA/(4773:4773): || TLB FIFO || [VICTIMA] PID: 0 | NRO_PAG: 0 | FRAME: 0 ||| [NUEVA ENTRADA] PID: 0 | NRO_PAG: 2 | FRAME: 2 | 

[INFO] 17:24:34:936 MEMORIA/(4773:4773): [TLB HIT] PID: 0  NRO_PAG: 2  FRAME: 2 

[INFO] 17:24:34:936 MEMORIA/(4773:4773): [TLB MISS] PID: 0 NRO_PAG: 3
[INFO] 17:24:34:936 MEMORIA/(4773:4773): || TLB FIFO || [VICTIMA] PID: 0 | NRO_PAG: 1 | FRAME: 1 ||| [NUEVA ENTRADA] PID: 0 | NRO_PAG: 3 | FRAME: 3 | 

[INFO] 17:24:34:936 MEMORIA/(4773:4773): [TLB HIT] PID: 0  NRO_PAG: 3  FRAME: 3 

[INFO] 17:24:34:936 MEMORIA/(4773:4773): [TLB HIT] PID: 0  NRO_PAG: 3  FRAME: 3 

[INFO] 17:24:34:936 MEMORIA/(4773:4773): [TLB MISS] PID: 0 NRO_PAG: 4
[INFO] 17:24:34:936 MEMORIA/(4773:4773): || TLB FIFO || [VICTIMA] PID: 0 | NRO_PAG: 2 | FRAME: 2 ||| [NUEVA ENTRADA] PID: 0 | NRO_PAG: 4 | FRAME: 4 | 

[INFO] 17:24:34:937 MEMORIA/(4773:4773): Se le asignaron correctamente 40 bytes al proceso 0.
[INFO] 17:24:37:167 MEMORIA/(4773:4773): [TLB MISS] PID: 0 NRO_PAG: 0
[INFO] 17:24:37:167 MEMORIA/(4773:4773): || TLB FIFO || [VICTIMA] PID: 0 | NRO_PAG: 3 | FRAME: 3 ||| [NUEVA ENTRADA] PID: 0 | NRO_PAG: 0 | FRAME: 0 | 

[INFO] 17:24:37:170 MEMORIA/(4773:4773): [TLB HIT] PID: 0  NRO_PAG: 0  FRAME: 0 

[INFO] 17:24:37:170 MEMORIA/(4773:4773): [TLB HIT] PID: 0  NRO_PAG: 0  FRAME: 0 

[INFO] 17:24:58:417 MEMORIA/(4773:4773): [TLB HIT] PID: 0  NRO_PAG: 0  FRAME: 0 

[INFO] 17:25:06:969 MEMORIA/(4773:4773): [TLB HIT] PID: 0  NRO_PAG: 0  FRAME: 0 

[INFO] 17:28:13:588 MEMORIA/(4967:4967): TLB inicializada correctamente
[INFO] 17:28:13:589 MEMORIA/(4967:4967): Tengo 12 frames de 32 bytes en memoria principal
[INFO] 17:28:14:072 MEMORIA/(4967:4967): Inicializa memoria
[INFO] 17:28:14:494 MEMORIA/(4967:4967): Ya me conecte con swamp y los marcos max son: 0 

[INFO] 17:28:14:927 MEMORIA/(4967:4967): Inicializando el proceso 0...
[INFO] 17:28:14:927 MEMORIA/(4967:4967): El proceso 0 fue inicializado correctamente.
[INFO] 17:28:14:927 MEMORIA/(4967:4967): Se le asignaron correctamente 10 bytes al proceso 0.
[INFO] 17:28:15:356 MEMORIA/(4967:4967): Alocando 12 bytes de memoria para el proceso 0.
[INFO] 17:28:15:356 MEMORIA/(4967:4967): [TLB MISS] PID: 0 NRO_PAG: 0
[INFO] 17:28:15:356 MEMORIA/(4967:4967): [TLB HIT] PID: 0  NRO_PAG: 0  FRAME: 0 

[INFO] 17:28:15:358 MEMORIA/(4967:4967): [TLB HIT] PID: 0  NRO_PAG: 0  FRAME: 0 

[INFO] 17:28:15:358 MEMORIA/(4967:4967): [TLB HIT] PID: 0  NRO_PAG: 0  FRAME: 0 

[INFO] 17:28:15:358 MEMORIA/(4967:4967): [TLB MISS] PID: 0 NRO_PAG: 1
[INFO] 17:28:15:358 MEMORIA/(4967:4967): Se le asignaron correctamente 12 bytes al proceso 0.
[INFO] 17:28:15:852 MEMORIA/(4967:4967): Alocando 10 bytes de memoria para el proceso 0.
[INFO] 17:28:15:852 MEMORIA/(4967:4967): [TLB HIT] PID: 0  NRO_PAG: 0  FRAME: 0 

[INFO] 17:28:15:853 MEMORIA/(4967:4967): [TLB HIT] PID: 0  NRO_PAG: 0  FRAME: 0 

[INFO] 17:28:15:855 MEMORIA/(4967:4967): [TLB HIT] PID: 0  NRO_PAG: 1  FRAME: 1 

[INFO] 17:28:15:856 MEMORIA/(4967:4967): [TLB HIT] PID: 0  NRO_PAG: 1  FRAME: 1 

[INFO] 17:28:15:857 MEMORIA/(4967:4967): [TLB HIT] PID: 0  NRO_PAG: 1  FRAME: 1 

[INFO] 17:28:15:857 MEMORIA/(4967:4967): [TLB HIT] PID: 0  NRO_PAG: 1  FRAME: 1 

[INFO] 17:28:15:857 MEMORIA/(4967:4967): [TLB MISS] PID: 0 NRO_PAG: 2
[INFO] 17:28:15:857 MEMORIA/(4967:4967): || TLB FIFO || [VICTIMA] PID: 0 | NRO_PAG: 0 | FRAME: 0 ||| [NUEVA ENTRADA] PID: 0 | NRO_PAG: 2 | FRAME: 2 | 

[INFO] 17:28:15:858 MEMORIA/(4967:4967): Se le asignaron correctamente 10 bytes al proceso 0.
[INFO] 17:28:16:325 MEMORIA/(4967:4967): Alocando 12 bytes de memoria para el proceso 0.
[INFO] 17:28:16:325 MEMORIA/(4967:4967): [TLB MISS] PID: 0 NRO_PAG: 0
[INFO] 17:28:16:325 MEMORIA/(4967:4967): || TLB FIFO || [VICTIMA] PID: 0 | NRO_PAG: 1 | FRAME: 1 ||| [NUEVA ENTRADA] PID: 0 | NRO_PAG: 0 | FRAME: 0 | 

[INFO] 17:28:16:326 MEMORIA/(4967:4967): [TLB HIT] PID: 0  NRO_PAG: 0  FRAME: 0 

[INFO] 17:28:16:326 MEMORIA/(4967:4967): [TLB MISS] PID: 0 NRO_PAG: 1
[INFO] 17:28:16:326 MEMORIA/(4967:4967): || TLB FIFO || [VICTIMA] PID: 0 | NRO_PAG: 2 | FRAME: 2 ||| [NUEVA ENTRADA] PID: 0 | NRO_PAG: 1 | FRAME: 1 | 

[INFO] 17:28:16:326 MEMORIA/(4967:4967): [TLB HIT] PID: 0  NRO_PAG: 1  FRAME: 1 

[INFO] 17:28:16:327 MEMORIA/(4967:4967): [TLB MISS] PID: 0 NRO_PAG: 2
[INFO] 17:28:16:327 MEMORIA/(4967:4967): || TLB FIFO || [VICTIMA] PID: 0 | NRO_PAG: 0 | FRAME: 0 ||| [NUEVA ENTRADA] PID: 0 | NRO_PAG: 2 | FRAME: 2 | 

[INFO] 17:28:16:328 MEMORIA/(4967:4967): [TLB HIT] PID: 0  NRO_PAG: 1  FRAME: 1 

[INFO] 17:28:16:339 MEMORIA/(4967:4967): [TLB HIT] PID: 0  NRO_PAG: 2  FRAME: 2 

[INFO] 17:28:16:339 MEMORIA/(4967:4967): [TLB HIT] PID: 0  NRO_PAG: 1  FRAME: 1 

[INFO] 17:28:16:341 MEMORIA/(4967:4967): Se le asignaron correctamente 12 bytes al proceso 0.
[INFO] 17:28:16:882 MEMORIA/(4967:4967): Alocando 12 bytes de memoria para el proceso 0.
[INFO] 17:28:16:882 MEMORIA/(4967:4967): [TLB MISS] PID: 0 NRO_PAG: 0
[INFO] 17:28:16:882 MEMORIA/(4967:4967): || TLB FIFO || [VICTIMA] PID: 0 | NRO_PAG: 1 | FRAME: 1 ||| [NUEVA ENTRADA] PID: 0 | NRO_PAG: 0 | FRAME: 0 | 

[INFO] 17:28:16:884 MEMORIA/(4967:4967): [TLB HIT] PID: 0  NRO_PAG: 0  FRAME: 0 

[INFO] 17:28:16:886 MEMORIA/(4967:4967): [TLB MISS] PID: 0 NRO_PAG: 1
[INFO] 17:28:16:886 MEMORIA/(4967:4967): || TLB FIFO || [VICTIMA] PID: 0 | NRO_PAG: 2 | FRAME: 2 ||| [NUEVA ENTRADA] PID: 0 | NRO_PAG: 1 | FRAME: 1 | 

[INFO] 17:28:16:889 MEMORIA/(4967:4967): [TLB HIT] PID: 0  NRO_PAG: 1  FRAME: 1 

[INFO] 17:28:16:891 MEMORIA/(4967:4967): [TLB MISS] PID: 0 NRO_PAG: 2
[INFO] 17:28:16:891 MEMORIA/(4967:4967): || TLB FIFO || [VICTIMA] PID: 0 | NRO_PAG: 0 | FRAME: 0 ||| [NUEVA ENTRADA] PID: 0 | NRO_PAG: 2 | FRAME: 2 | 

[INFO] 17:28:16:891 MEMORIA/(4967:4967): [TLB HIT] PID: 0  NRO_PAG: 2  FRAME: 2 

[INFO] 17:28:16:891 MEMORIA/(4967:4967): [TLB HIT] PID: 0  NRO_PAG: 2  FRAME: 2 

[INFO] 17:28:16:891 MEMORIA/(4967:4967): [TLB HIT] PID: 0  NRO_PAG: 2  FRAME: 2 

[INFO] 17:28:16:892 MEMORIA/(4967:4967): [TLB MISS] PID: 0 NRO_PAG: 3
[INFO] 17:28:16:892 MEMORIA/(4967:4967): || TLB FIFO || [VICTIMA] PID: 0 | NRO_PAG: 1 | FRAME: 1 ||| [NUEVA ENTRADA] PID: 0 | NRO_PAG: 3 | FRAME: 3 | 

[INFO] 17:28:16:893 MEMORIA/(4967:4967): Se le asignaron correctamente 12 bytes al proceso 0.
[INFO] 17:28:17:555 MEMORIA/(4967:4967): Alocando 40 bytes de memoria para el proceso 0.
[INFO] 17:28:17:555 MEMORIA/(4967:4967): [TLB MISS] PID: 0 NRO_PAG: 0
[INFO] 17:28:17:555 MEMORIA/(4967:4967): || TLB FIFO || [VICTIMA] PID: 0 | NRO_PAG: 2 | FRAME: 2 ||| [NUEVA ENTRADA] PID: 0 | NRO_PAG: 0 | FRAME: 0 | 

[INFO] 17:28:17:557 MEMORIA/(4967:4967): [TLB HIT] PID: 0  NRO_PAG: 0  FRAME: 0 

[INFO] 17:28:17:560 MEMORIA/(4967:4967): [TLB MISS] PID: 0 NRO_PAG: 1
[INFO] 17:28:17:560 MEMORIA/(4967:4967): || TLB FIFO || [VICTIMA] PID: 0 | NRO_PAG: 3 | FRAME: 3 ||| [NUEVA ENTRADA] PID: 0 | NRO_PAG: 1 | FRAME: 1 | 

[INFO] 17:28:17:562 MEMORIA/(4967:4967): [TLB HIT] PID: 0  NRO_PAG: 1  FRAME: 1 

[INFO] 17:28:17:562 MEMORIA/(4967:4967): [TLB MISS] PID: 0 NRO_PAG: 2
[INFO] 17:28:17:562 MEMORIA/(4967:4967): || TLB FIFO || [VICTIMA] PID: 0 | NRO_PAG: 0 | FRAME: 0 ||| [NUEVA ENTRADA] PID: 0 | NRO_PAG: 2 | FRAME: 2 | 

[INFO] 17:28:17:563 MEMORIA/(4967:4967): [TLB HIT] PID: 0  NRO_PAG: 2  FRAME: 2 

[INFO] 17:28:17:565 MEMORIA/(4967:4967): [TLB MISS] PID: 0 NRO_PAG: 3
[INFO] 17:28:17:565 MEMORIA/(4967:4967): || TLB FIFO || [VICTIMA] PID: 0 | NRO_PAG: 1 | FRAME: 1 ||| [NUEVA ENTRADA] PID: 0 | NRO_PAG: 3 | FRAME: 3 | 

[INFO] 17:28:17:566 MEMORIA/(4967:4967): [TLB HIT] PID: 0  NRO_PAG: 3  FRAME: 3 

[INFO] 17:28:17:567 MEMORIA/(4967:4967): [TLB HIT] PID: 0  NRO_PAG: 3  FRAME: 3 

[INFO] 17:28:17:570 MEMORIA/(4967:4967): [TLB MISS] PID: 0 NRO_PAG: 4
[INFO] 17:28:17:570 MEMORIA/(4967:4967): || TLB FIFO || [VICTIMA] PID: 0 | NRO_PAG: 2 | FRAME: 2 ||| [NUEVA ENTRADA] PID: 0 | NRO_PAG: 4 | FRAME: 4 | 

[INFO] 17:28:17:570 MEMORIA/(4967:4967): Se le asignaron correctamente 40 bytes al proceso 0.
[INFO] 17:28:20:173 MEMORIA/(4967:4967): [TLB MISS] PID: 0 NRO_PAG: 0
[INFO] 17:28:20:173 MEMORIA/(4967:4967): || TLB FIFO || [VICTIMA] PID: 0 | NRO_PAG: 3 | FRAME: 3 ||| [NUEVA ENTRADA] PID: 0 | NRO_PAG: 0 | FRAME: 0 | 

[INFO] 17:28:20:173 MEMORIA/(4967:4967): [TLB HIT] PID: 0  NRO_PAG: 0  FRAME: 0 

[INFO] 17:28:20:174 MEMORIA/(4967:4967): [TLB HIT] PID: 0  NRO_PAG: 0  FRAME: 0 

[INFO] 17:28:29:316 MEMORIA/(4967:4967): Alocando 10 bytes de memoria para el proceso 0.
[INFO] 17:28:37:591 MEMORIA/(4967:4967): [TLB HIT] PID: 0  NRO_PAG: 0  FRAME: 0 

[INFO] 17:28:59:392 MEMORIA/(4967:4967): [TLB HIT] PID: 0  NRO_PAG: 0  FRAME: 0 

[INFO] 17:29:29:722 MEMORIA/(4967:4967): Se le asignaron correctamente 10 bytes al proceso 0.
[INFO] 17:29:58:155 MEMORIA/(5144:5144): TLB inicializada correctamente
[INFO] 17:29:58:156 MEMORIA/(5144:5144): Tengo 12 frames de 32 bytes en memoria principal
[INFO] 17:29:58:356 MEMORIA/(5144:5144): Inicializa memoria
[INFO] 17:29:58:529 MEMORIA/(5144:5144): Ya me conecte con swamp y los marcos max son: 0 

[INFO] 17:29:58:685 MEMORIA/(5144:5144): Inicializando el proceso 0...
[INFO] 17:29:58:686 MEMORIA/(5144:5144): El proceso 0 fue inicializado correctamente.
[INFO] 17:29:58:686 MEMORIA/(5144:5144): Se le asignaron correctamente 10 bytes al proceso 0.
[INFO] 17:29:58:861 MEMORIA/(5144:5144): Alocando 12 bytes de memoria para el proceso 0.
[INFO] 17:29:58:861 MEMORIA/(5144:5144): [TLB MISS] PID: 0 NRO_PAG: 0
[INFO] 17:29:58:861 MEMORIA/(5144:5144): [TLB HIT] PID: 0  NRO_PAG: 0  FRAME: 0 

[INFO] 17:29:58:862 MEMORIA/(5144:5144): [TLB HIT] PID: 0  NRO_PAG: 0  FRAME: 0 

[INFO] 17:29:58:862 MEMORIA/(5144:5144): [TLB HIT] PID: 0  NRO_PAG: 0  FRAME: 0 

[INFO] 17:29:58:867 MEMORIA/(5144:5144): [TLB MISS] PID: 0 NRO_PAG: 1
[INFO] 17:29:58:870 MEMORIA/(5144:5144): Se le asignaron correctamente 12 bytes al proceso 0.
[INFO] 17:29:59:042 MEMORIA/(5144:5144): Alocando 10 bytes de memoria para el proceso 0.
[INFO] 17:29:59:042 MEMORIA/(5144:5144): [TLB HIT] PID: 0  NRO_PAG: 0  FRAME: 0 

[INFO] 17:29:59:043 MEMORIA/(5144:5144): [TLB HIT] PID: 0  NRO_PAG: 0  FRAME: 0 

[INFO] 17:29:59:043 MEMORIA/(5144:5144): [TLB HIT] PID: 0  NRO_PAG: 1  FRAME: 1 

[INFO] 17:29:59:043 MEMORIA/(5144:5144): [TLB HIT] PID: 0  NRO_PAG: 1  FRAME: 1 

[INFO] 17:29:59:043 MEMORIA/(5144:5144): [TLB HIT] PID: 0  NRO_PAG: 1  FRAME: 1 

[INFO] 17:29:59:043 MEMORIA/(5144:5144): [TLB HIT] PID: 0  NRO_PAG: 1  FRAME: 1 

[INFO] 17:29:59:043 MEMORIA/(5144:5144): [TLB MISS] PID: 0 NRO_PAG: 2
[INFO] 17:29:59:043 MEMORIA/(5144:5144): || TLB FIFO || [VICTIMA] PID: 0 | NRO_PAG: 0 | FRAME: 0 ||| [NUEVA ENTRADA] PID: 0 | NRO_PAG: 2 | FRAME: 2 | 

[INFO] 17:29:59:045 MEMORIA/(5144:5144): Se le asignaron correctamente 10 bytes al proceso 0.
[INFO] 17:29:59:235 MEMORIA/(5144:5144): Alocando 12 bytes de memoria para el proceso 0.
[INFO] 17:29:59:235 MEMORIA/(5144:5144): [TLB MISS] PID: 0 NRO_PAG: 0
[INFO] 17:29:59:235 MEMORIA/(5144:5144): || TLB FIFO || [VICTIMA] PID: 0 | NRO_PAG: 1 | FRAME: 1 ||| [NUEVA ENTRADA] PID: 0 | NRO_PAG: 0 | FRAME: 0 | 

[INFO] 17:29:59:235 MEMORIA/(5144:5144): [TLB HIT] PID: 0  NRO_PAG: 0  FRAME: 0 

[INFO] 17:29:59:235 MEMORIA/(5144:5144): [TLB MISS] PID: 0 NRO_PAG: 1
[INFO] 17:29:59:235 MEMORIA/(5144:5144): || TLB FIFO || [VICTIMA] PID: 0 | NRO_PAG: 2 | FRAME: 2 ||| [NUEVA ENTRADA] PID: 0 | NRO_PAG: 1 | FRAME: 1 | 

[INFO] 17:29:59:235 MEMORIA/(5144:5144): [TLB HIT] PID: 0  NRO_PAG: 1  FRAME: 1 

[INFO] 17:29:59:235 MEMORIA/(5144:5144): [TLB MISS] PID: 0 NRO_PAG: 2
[INFO] 17:29:59:235 MEMORIA/(5144:5144): || TLB FIFO || [VICTIMA] PID: 0 | NRO_PAG: 0 | FRAME: 0 ||| [NUEVA ENTRADA] PID: 0 | NRO_PAG: 2 | FRAME: 2 | 

[INFO] 17:29:59:235 MEMORIA/(5144:5144): [TLB HIT] PID: 0  NRO_PAG: 1  FRAME: 1 

[INFO] 17:29:59:238 MEMORIA/(5144:5144): [TLB HIT] PID: 0  NRO_PAG: 2  FRAME: 2 

[INFO] 17:29:59:239 MEMORIA/(5144:5144): [TLB HIT] PID: 0  NRO_PAG: 1  FRAME: 1 

[INFO] 17:29:59:239 MEMORIA/(5144:5144): Se le asignaron correctamente 12 bytes al proceso 0.
[INFO] 17:29:59:800 MEMORIA/(5144:5144): Alocando 12 bytes de memoria para el proceso 0.
[INFO] 17:29:59:800 MEMORIA/(5144:5144): [TLB MISS] PID: 0 NRO_PAG: 0
[INFO] 17:29:59:800 MEMORIA/(5144:5144): || TLB FIFO || [VICTIMA] PID: 0 | NRO_PAG: 1 | FRAME: 1 ||| [NUEVA ENTRADA] PID: 0 | NRO_PAG: 0 | FRAME: 0 | 

[INFO] 17:29:59:801 MEMORIA/(5144:5144): [TLB HIT] PID: 0  NRO_PAG: 0  FRAME: 0 

[INFO] 17:29:59:802 MEMORIA/(5144:5144): [TLB MISS] PID: 0 NRO_PAG: 1
[INFO] 17:29:59:802 MEMORIA/(5144:5144): || TLB FIFO || [VICTIMA] PID: 0 | NRO_PAG: 2 | FRAME: 2 ||| [NUEVA ENTRADA] PID: 0 | NRO_PAG: 1 | FRAME: 1 | 

[INFO] 17:29:59:803 MEMORIA/(5144:5144): [TLB HIT] PID: 0  NRO_PAG: 1  FRAME: 1 

[INFO] 17:29:59:804 MEMORIA/(5144:5144): [TLB MISS] PID: 0 NRO_PAG: 2
[INFO] 17:29:59:804 MEMORIA/(5144:5144): || TLB FIFO || [VICTIMA] PID: 0 | NRO_PAG: 0 | FRAME: 0 ||| [NUEVA ENTRADA] PID: 0 | NRO_PAG: 2 | FRAME: 2 | 

[INFO] 17:29:59:814 MEMORIA/(5144:5144): [TLB HIT] PID: 0  NRO_PAG: 2  FRAME: 2 

[INFO] 17:29:59:814 MEMORIA/(5144:5144): [TLB HIT] PID: 0  NRO_PAG: 2  FRAME: 2 

[INFO] 17:29:59:814 MEMORIA/(5144:5144): [TLB HIT] PID: 0  NRO_PAG: 2  FRAME: 2 

[INFO] 17:29:59:814 MEMORIA/(5144:5144): [TLB MISS] PID: 0 NRO_PAG: 3
[INFO] 17:29:59:814 MEMORIA/(5144:5144): || TLB FIFO || [VICTIMA] PID: 0 | NRO_PAG: 1 | FRAME: 1 ||| [NUEVA ENTRADA] PID: 0 | NRO_PAG: 3 | FRAME: 3 | 

[INFO] 17:29:59:814 MEMORIA/(5144:5144): Se le asignaron correctamente 12 bytes al proceso 0.
[INFO] 17:30:00:347 MEMORIA/(5144:5144): Alocando 40 bytes de memoria para el proceso 0.
[INFO] 17:30:00:347 MEMORIA/(5144:5144): [TLB MISS] PID: 0 NRO_PAG: 0
[INFO] 17:30:00:347 MEMORIA/(5144:5144): || TLB FIFO || [VICTIMA] PID: 0 | NRO_PAG: 2 | FRAME: 2 ||| [NUEVA ENTRADA] PID: 0 | NRO_PAG: 0 | FRAME: 0 | 

[INFO] 17:30:00:350 MEMORIA/(5144:5144): [TLB HIT] PID: 0  NRO_PAG: 0  FRAME: 0 

[INFO] 17:30:00:352 MEMORIA/(5144:5144): [TLB MISS] PID: 0 NRO_PAG: 1
[INFO] 17:30:00:352 MEMORIA/(5144:5144): || TLB FIFO || [VICTIMA] PID: 0 | NRO_PAG: 3 | FRAME: 3 ||| [NUEVA ENTRADA] PID: 0 | NRO_PAG: 1 | FRAME: 1 | 

[INFO] 17:30:00:354 MEMORIA/(5144:5144): [TLB HIT] PID: 0  NRO_PAG: 1  FRAME: 1 

[INFO] 17:30:00:354 MEMORIA/(5144:5144): [TLB MISS] PID: 0 NRO_PAG: 2
[INFO] 17:30:00:354 MEMORIA/(5144:5144): || TLB FIFO || [VICTIMA] PID: 0 | NRO_PAG: 0 | FRAME: 0 ||| [NUEVA ENTRADA] PID: 0 | NRO_PAG: 2 | FRAME: 2 | 

[INFO] 17:30:00:355 MEMORIA/(5144:5144): [TLB HIT] PID: 0  NRO_PAG: 2  FRAME: 2 

[INFO] 17:30:00:358 MEMORIA/(5144:5144): [TLB MISS] PID: 0 NRO_PAG: 3
[INFO] 17:30:00:358 MEMORIA/(5144:5144): || TLB FIFO || [VICTIMA] PID: 0 | NRO_PAG: 1 | FRAME: 1 ||| [NUEVA ENTRADA] PID: 0 | NRO_PAG: 3 | FRAME: 3 | 

[INFO] 17:30:00:362 MEMORIA/(5144:5144): [TLB HIT] PID: 0  NRO_PAG: 3  FRAME: 3 

[INFO] 17:30:00:362 MEMORIA/(5144:5144): [TLB HIT] PID: 0  NRO_PAG: 3  FRAME: 3 

[INFO] 17:30:00:362 MEMORIA/(5144:5144): [TLB MISS] PID: 0 NRO_PAG: 4
[INFO] 17:30:00:362 MEMORIA/(5144:5144): || TLB FIFO || [VICTIMA] PID: 0 | NRO_PAG: 2 | FRAME: 2 ||| [NUEVA ENTRADA] PID: 0 | NRO_PAG: 4 | FRAME: 4 | 

[INFO] 17:30:00:362 MEMORIA/(5144:5144): Se le asignaron correctamente 40 bytes al proceso 0.
[INFO] 17:30:03:664 MEMORIA/(5144:5144): [TLB MISS] PID: 0 NRO_PAG: 0
[INFO] 17:30:03:664 MEMORIA/(5144:5144): || TLB FIFO || [VICTIMA] PID: 0 | NRO_PAG: 3 | FRAME: 3 ||| [NUEVA ENTRADA] PID: 0 | NRO_PAG: 0 | FRAME: 0 | 

[INFO] 17:30:03:666 MEMORIA/(5144:5144): [TLB HIT] PID: 0  NRO_PAG: 0  FRAME: 0 

[INFO] 17:30:03:667 MEMORIA/(5144:5144): [TLB HIT] PID: 0  NRO_PAG: 0  FRAME: 0 

[INFO] 17:30:22:314 MEMORIA/(5144:5144): [TLB HIT] PID: 0  NRO_PAG: 0  FRAME: 0 

[INFO] 17:32:14:033 MEMORIA/(5238:5238): TLB inicializada correctamente
[INFO] 17:32:14:033 MEMORIA/(5238:5238): Tengo 12 frames de 32 bytes en memoria principal
[INFO] 17:32:14:554 MEMORIA/(5238:5238): Inicializa memoria
[INFO] 17:32:14:864 MEMORIA/(5238:5238): Ya me conecte con swamp y los marcos max son: 0 

[INFO] 17:32:15:216 MEMORIA/(5238:5238): Inicializando el proceso 0...
[INFO] 17:32:15:216 MEMORIA/(5238:5238): El proceso 0 fue inicializado correctamente.
[INFO] 17:32:15:216 MEMORIA/(5238:5238): Se le asignaron correctamente 10 bytes al proceso 0.
[INFO] 17:32:15:532 MEMORIA/(5238:5238): Alocando 12 bytes de memoria para el proceso 0.
[INFO] 17:32:15:532 MEMORIA/(5238:5238): [TLB MISS] PID: 0 NRO_PAG: 0
[INFO] 17:32:15:533 MEMORIA/(5238:5238): [TLB HIT] PID: 0  NRO_PAG: 0  FRAME: 0 

[INFO] 17:32:15:533 MEMORIA/(5238:5238): [TLB HIT] PID: 0  NRO_PAG: 0  FRAME: 0 

[INFO] 17:32:15:533 MEMORIA/(5238:5238): [TLB HIT] PID: 0  NRO_PAG: 0  FRAME: 0 

[INFO] 17:32:15:534 MEMORIA/(5238:5238): [TLB MISS] PID: 0 NRO_PAG: 1
[INFO] 17:32:15:534 MEMORIA/(5238:5238): Se le asignaron correctamente 12 bytes al proceso 0.
[INFO] 17:32:15:980 MEMORIA/(5238:5238): Alocando 10 bytes de memoria para el proceso 0.
[INFO] 17:32:15:980 MEMORIA/(5238:5238): [TLB HIT] PID: 0  NRO_PAG: 0  FRAME: 0 

[INFO] 17:32:15:981 MEMORIA/(5238:5238): [TLB HIT] PID: 0  NRO_PAG: 0  FRAME: 0 

[INFO] 17:32:15:983 MEMORIA/(5238:5238): [TLB HIT] PID: 0  NRO_PAG: 1  FRAME: 1 

[INFO] 17:32:15:985 MEMORIA/(5238:5238): [TLB HIT] PID: 0  NRO_PAG: 1  FRAME: 1 

[INFO] 17:32:15:985 MEMORIA/(5238:5238): [TLB HIT] PID: 0  NRO_PAG: 1  FRAME: 1 

[INFO] 17:32:15:985 MEMORIA/(5238:5238): [TLB HIT] PID: 0  NRO_PAG: 1  FRAME: 1 

[INFO] 17:32:15:985 MEMORIA/(5238:5238): [TLB MISS] PID: 0 NRO_PAG: 2
[INFO] 17:32:15:985 MEMORIA/(5238:5238): || TLB FIFO || [VICTIMA] PID: 0 | NRO_PAG: 0 | FRAME: 0 ||| [NUEVA ENTRADA] PID: 0 | NRO_PAG: 2 | FRAME: 2 | 

[INFO] 17:32:15:986 MEMORIA/(5238:5238): Se le asignaron correctamente 10 bytes al proceso 0.
[INFO] 17:32:16:301 MEMORIA/(5238:5238): Alocando 12 bytes de memoria para el proceso 0.
[INFO] 17:32:16:301 MEMORIA/(5238:5238): [TLB MISS] PID: 0 NRO_PAG: 0
[INFO] 17:32:16:301 MEMORIA/(5238:5238): || TLB FIFO || [VICTIMA] PID: 0 | NRO_PAG: 1 | FRAME: 1 ||| [NUEVA ENTRADA] PID: 0 | NRO_PAG: 0 | FRAME: 0 | 

[INFO] 17:32:16:301 MEMORIA/(5238:5238): [TLB HIT] PID: 0  NRO_PAG: 0  FRAME: 0 

[INFO] 17:32:16:302 MEMORIA/(5238:5238): [TLB MISS] PID: 0 NRO_PAG: 1
[INFO] 17:32:16:302 MEMORIA/(5238:5238): || TLB FIFO || [VICTIMA] PID: 0 | NRO_PAG: 2 | FRAME: 2 ||| [NUEVA ENTRADA] PID: 0 | NRO_PAG: 1 | FRAME: 1 | 

[INFO] 17:32:16:302 MEMORIA/(5238:5238): [TLB HIT] PID: 0  NRO_PAG: 1  FRAME: 1 

[INFO] 17:32:16:303 MEMORIA/(5238:5238): [TLB MISS] PID: 0 NRO_PAG: 2
[INFO] 17:32:16:303 MEMORIA/(5238:5238): || TLB FIFO || [VICTIMA] PID: 0 | NRO_PAG: 0 | FRAME: 0 ||| [NUEVA ENTRADA] PID: 0 | NRO_PAG: 2 | FRAME: 2 | 

[INFO] 17:32:16:303 MEMORIA/(5238:5238): [TLB HIT] PID: 0  NRO_PAG: 1  FRAME: 1 

[INFO] 17:32:16:303 MEMORIA/(5238:5238): [TLB HIT] PID: 0  NRO_PAG: 2  FRAME: 2 

[INFO] 17:32:16:303 MEMORIA/(5238:5238): [TLB HIT] PID: 0  NRO_PAG: 1  FRAME: 1 

[INFO] 17:32:16:304 MEMORIA/(5238:5238): Se le asignaron correctamente 12 bytes al proceso 0.
[INFO] 17:32:40:664 MEMORIA/(5238:5238): Alocando 12 bytes de memoria para el proceso 0.
[INFO] 17:32:40:664 MEMORIA/(5238:5238): [TLB MISS] PID: 0 NRO_PAG: 0
[INFO] 17:32:40:664 MEMORIA/(5238:5238): || TLB FIFO || [VICTIMA] PID: 0 | NRO_PAG: 1 | FRAME: 1 ||| [NUEVA ENTRADA] PID: 0 | NRO_PAG: 0 | FRAME: 0 | 

[INFO] 17:32:40:666 MEMORIA/(5238:5238): [TLB HIT] PID: 0  NRO_PAG: 0  FRAME: 0 

[INFO] 17:32:40:667 MEMORIA/(5238:5238): [TLB MISS] PID: 0 NRO_PAG: 1
[INFO] 17:32:40:667 MEMORIA/(5238:5238): || TLB FIFO || [VICTIMA] PID: 0 | NRO_PAG: 2 | FRAME: 2 ||| [NUEVA ENTRADA] PID: 0 | NRO_PAG: 1 | FRAME: 1 | 

[INFO] 17:32:40:667 MEMORIA/(5238:5238): [TLB HIT] PID: 0  NRO_PAG: 1  FRAME: 1 

[INFO] 17:32:40:668 MEMORIA/(5238:5238): [TLB MISS] PID: 0 NRO_PAG: 2
[INFO] 17:32:40:668 MEMORIA/(5238:5238): || TLB FIFO || [VICTIMA] PID: 0 | NRO_PAG: 0 | FRAME: 0 ||| [NUEVA ENTRADA] PID: 0 | NRO_PAG: 2 | FRAME: 2 | 

[INFO] 17:32:40:670 MEMORIA/(5238:5238): [TLB HIT] PID: 0  NRO_PAG: 2  FRAME: 2 

[INFO] 17:32:40:671 MEMORIA/(5238:5238): [TLB HIT] PID: 0  NRO_PAG: 2  FRAME: 2 

[INFO] 17:32:40:671 MEMORIA/(5238:5238): [TLB HIT] PID: 0  NRO_PAG: 2  FRAME: 2 

[INFO] 17:32:40:672 MEMORIA/(5238:5238): [TLB MISS] PID: 0 NRO_PAG: 3
[INFO] 17:32:40:672 MEMORIA/(5238:5238): || TLB FIFO || [VICTIMA] PID: 0 | NRO_PAG: 1 | FRAME: 1 ||| [NUEVA ENTRADA] PID: 0 | NRO_PAG: 3 | FRAME: 3 | 

[INFO] 17:32:40:673 MEMORIA/(5238:5238): Se le asignaron correctamente 12 bytes al proceso 0.
[INFO] 17:32:41:261 MEMORIA/(5238:5238): Alocando 40 bytes de memoria para el proceso 0.
[INFO] 17:32:41:261 MEMORIA/(5238:5238): [TLB MISS] PID: 0 NRO_PAG: 0
[INFO] 17:32:41:261 MEMORIA/(5238:5238): || TLB FIFO || [VICTIMA] PID: 0 | NRO_PAG: 2 | FRAME: 2 ||| [NUEVA ENTRADA] PID: 0 | NRO_PAG: 0 | FRAME: 0 | 

[INFO] 17:32:41:261 MEMORIA/(5238:5238): [TLB HIT] PID: 0  NRO_PAG: 0  FRAME: 0 

[INFO] 17:32:41:262 MEMORIA/(5238:5238): [TLB MISS] PID: 0 NRO_PAG: 1
[INFO] 17:32:41:262 MEMORIA/(5238:5238): || TLB FIFO || [VICTIMA] PID: 0 | NRO_PAG: 3 | FRAME: 3 ||| [NUEVA ENTRADA] PID: 0 | NRO_PAG: 1 | FRAME: 1 | 

[INFO] 17:32:41:263 MEMORIA/(5238:5238): [TLB HIT] PID: 0  NRO_PAG: 1  FRAME: 1 

[INFO] 17:32:41:264 MEMORIA/(5238:5238): [TLB MISS] PID: 0 NRO_PAG: 2
[INFO] 17:32:41:264 MEMORIA/(5238:5238): || TLB FIFO || [VICTIMA] PID: 0 | NRO_PAG: 0 | FRAME: 0 ||| [NUEVA ENTRADA] PID: 0 | NRO_PAG: 2 | FRAME: 2 | 

[INFO] 17:32:41:276 MEMORIA/(5238:5238): [TLB HIT] PID: 0  NRO_PAG: 2  FRAME: 2 

[INFO] 17:32:41:276 MEMORIA/(5238:5238): [TLB MISS] PID: 0 NRO_PAG: 3
[INFO] 17:32:41:276 MEMORIA/(5238:5238): || TLB FIFO || [VICTIMA] PID: 0 | NRO_PAG: 1 | FRAME: 1 ||| [NUEVA ENTRADA] PID: 0 | NRO_PAG: 3 | FRAME: 3 | 

[INFO] 17:32:41:276 MEMORIA/(5238:5238): [TLB HIT] PID: 0  NRO_PAG: 3  FRAME: 3 

[INFO] 17:32:41:276 MEMORIA/(5238:5238): [TLB HIT] PID: 0  NRO_PAG: 3  FRAME: 3 

[INFO] 17:32:41:277 MEMORIA/(5238:5238): [TLB MISS] PID: 0 NRO_PAG: 4
[INFO] 17:32:41:277 MEMORIA/(5238:5238): || TLB FIFO || [VICTIMA] PID: 0 | NRO_PAG: 2 | FRAME: 2 ||| [NUEVA ENTRADA] PID: 0 | NRO_PAG: 4 | FRAME: 4 | 

[INFO] 17:32:41:277 MEMORIA/(5238:5238): Se le asignaron correctamente 40 bytes al proceso 0.
[INFO] 17:32:48:475 MEMORIA/(5238:5238): [TLB MISS] PID: 0 NRO_PAG: 0
[INFO] 17:32:48:475 MEMORIA/(5238:5238): || TLB FIFO || [VICTIMA] PID: 0 | NRO_PAG: 3 | FRAME: 3 ||| [NUEVA ENTRADA] PID: 0 | NRO_PAG: 0 | FRAME: 0 | 

[INFO] 17:32:48:477 MEMORIA/(5238:5238): [TLB HIT] PID: 0  NRO_PAG: 0  FRAME: 0 

[INFO] 17:32:48:477 MEMORIA/(5238:5238): [TLB HIT] PID: 0  NRO_PAG: 0  FRAME: 0 

[INFO] 17:38:25:915 MEMORIA/(5576:5576): TLB inicializada correctamente
[INFO] 17:38:25:960 MEMORIA/(5576:5576): Tengo 12 frames de 32 bytes en memoria principal
[INFO] 17:38:26:066 MEMORIA/(5576:5576): Inicializa memoria
[INFO] 17:38:26:218 MEMORIA/(5576:5576): Ya me conecte con swamp y los marcos max son: 0 

[INFO] 17:38:26:371 MEMORIA/(5576:5576): Inicializando el proceso 0...
[INFO] 17:38:26:371 MEMORIA/(5576:5576): El proceso 0 fue inicializado correctamente.
[INFO] 17:38:26:371 MEMORIA/(5576:5576): Se le asignaron correctamente 10 bytes al proceso 0.
[INFO] 17:38:26:540 MEMORIA/(5576:5576): Alocando 12 bytes de memoria para el proceso 0.
[INFO] 17:38:26:540 MEMORIA/(5576:5576): [TLB MISS] PID: 0 NRO_PAG: 0
[INFO] 17:38:26:542 MEMORIA/(5576:5576): [TLB HIT] PID: 0  NRO_PAG: 0  FRAME: 0 

[INFO] 17:38:26:543 MEMORIA/(5576:5576): [TLB HIT] PID: 0  NRO_PAG: 0  FRAME: 0 

[INFO] 17:38:26:546 MEMORIA/(5576:5576): [TLB HIT] PID: 0  NRO_PAG: 0  FRAME: 0 

[INFO] 17:38:26:548 MEMORIA/(5576:5576): [TLB MISS] PID: 0 NRO_PAG: 1
[INFO] 17:38:26:550 MEMORIA/(5576:5576): Se le asignaron correctamente 12 bytes al proceso 0.
[INFO] 17:38:26:679 MEMORIA/(5576:5576): Alocando 10 bytes de memoria para el proceso 0.
[INFO] 17:38:26:679 MEMORIA/(5576:5576): [TLB HIT] PID: 0  NRO_PAG: 0  FRAME: 0 

[INFO] 17:38:26:681 MEMORIA/(5576:5576): [TLB HIT] PID: 0  NRO_PAG: 0  FRAME: 0 

[INFO] 17:38:26:683 MEMORIA/(5576:5576): [TLB HIT] PID: 0  NRO_PAG: 1  FRAME: 1 

[INFO] 17:38:26:685 MEMORIA/(5576:5576): [TLB HIT] PID: 0  NRO_PAG: 1  FRAME: 1 

[INFO] 17:38:26:685 MEMORIA/(5576:5576): [TLB HIT] PID: 0  NRO_PAG: 1  FRAME: 1 

[INFO] 17:38:26:686 MEMORIA/(5576:5576): [TLB HIT] PID: 0  NRO_PAG: 1  FRAME: 1 

[INFO] 17:38:26:692 MEMORIA/(5576:5576): [TLB MISS] PID: 0 NRO_PAG: 2
[INFO] 17:38:26:692 MEMORIA/(5576:5576): || TLB FIFO || [VICTIMA] PID: 0 | NRO_PAG: 0 | FRAME: 0 ||| [NUEVA ENTRADA] PID: 0 | NRO_PAG: 2 | FRAME: 2 | 

[INFO] 17:38:26:696 MEMORIA/(5576:5576): Se le asignaron correctamente 10 bytes al proceso 0.
[INFO] 17:38:26:854 MEMORIA/(5576:5576): Alocando 12 bytes de memoria para el proceso 0.
[INFO] 17:38:26:854 MEMORIA/(5576:5576): [TLB MISS] PID: 0 NRO_PAG: 0
[INFO] 17:38:26:854 MEMORIA/(5576:5576): || TLB FIFO || [VICTIMA] PID: 0 | NRO_PAG: 1 | FRAME: 1 ||| [NUEVA ENTRADA] PID: 0 | NRO_PAG: 0 | FRAME: 0 | 

[INFO] 17:38:26:855 MEMORIA/(5576:5576): [TLB HIT] PID: 0  NRO_PAG: 0  FRAME: 0 

[INFO] 17:38:26:855 MEMORIA/(5576:5576): [TLB MISS] PID: 0 NRO_PAG: 1
[INFO] 17:38:26:855 MEMORIA/(5576:5576): || TLB FIFO || [VICTIMA] PID: 0 | NRO_PAG: 2 | FRAME: 2 ||| [NUEVA ENTRADA] PID: 0 | NRO_PAG: 1 | FRAME: 1 | 

[INFO] 17:38:26:855 MEMORIA/(5576:5576): [TLB HIT] PID: 0  NRO_PAG: 1  FRAME: 1 

[INFO] 17:38:26:857 MEMORIA/(5576:5576): [TLB MISS] PID: 0 NRO_PAG: 2
[INFO] 17:38:26:857 MEMORIA/(5576:5576): || TLB FIFO || [VICTIMA] PID: 0 | NRO_PAG: 0 | FRAME: 0 ||| [NUEVA ENTRADA] PID: 0 | NRO_PAG: 2 | FRAME: 2 | 

[INFO] 17:38:26:857 MEMORIA/(5576:5576): [TLB HIT] PID: 0  NRO_PAG: 1  FRAME: 1 

[INFO] 17:38:26:857 MEMORIA/(5576:5576): [TLB HIT] PID: 0  NRO_PAG: 2  FRAME: 2 

[INFO] 17:38:26:858 MEMORIA/(5576:5576): [TLB HIT] PID: 0  NRO_PAG: 1  FRAME: 1 

[INFO] 17:38:26:860 MEMORIA/(5576:5576): Se le asignaron correctamente 12 bytes al proceso 0.
[INFO] 17:38:27:418 MEMORIA/(5576:5576): Alocando 12 bytes de memoria para el proceso 0.
[INFO] 17:38:27:418 MEMORIA/(5576:5576): [TLB MISS] PID: 0 NRO_PAG: 0
[INFO] 17:38:27:418 MEMORIA/(5576:5576): || TLB FIFO || [VICTIMA] PID: 0 | NRO_PAG: 1 | FRAME: 1 ||| [NUEVA ENTRADA] PID: 0 | NRO_PAG: 0 | FRAME: 0 | 

[INFO] 17:38:27:422 MEMORIA/(5576:5576): [TLB HIT] PID: 0  NRO_PAG: 0  FRAME: 0 

[INFO] 17:38:27:422 MEMORIA/(5576:5576): [TLB MISS] PID: 0 NRO_PAG: 1
[INFO] 17:38:27:422 MEMORIA/(5576:5576): || TLB FIFO || [VICTIMA] PID: 0 | NRO_PAG: 2 | FRAME: 2 ||| [NUEVA ENTRADA] PID: 0 | NRO_PAG: 1 | FRAME: 1 | 

[INFO] 17:38:27:422 MEMORIA/(5576:5576): [TLB HIT] PID: 0  NRO_PAG: 1  FRAME: 1 

[INFO] 17:38:27:422 MEMORIA/(5576:5576): [TLB MISS] PID: 0 NRO_PAG: 2
[INFO] 17:38:27:422 MEMORIA/(5576:5576): || TLB FIFO || [VICTIMA] PID: 0 | NRO_PAG: 0 | FRAME: 0 ||| [NUEVA ENTRADA] PID: 0 | NRO_PAG: 2 | FRAME: 2 | 

[INFO] 17:38:27:422 MEMORIA/(5576:5576): [TLB HIT] PID: 0  NRO_PAG: 2  FRAME: 2 

[INFO] 17:38:27:425 MEMORIA/(5576:5576): [TLB HIT] PID: 0  NRO_PAG: 2  FRAME: 2 

[INFO] 17:38:27:426 MEMORIA/(5576:5576): [TLB HIT] PID: 0  NRO_PAG: 2  FRAME: 2 

[INFO] 17:38:27:428 MEMORIA/(5576:5576): [TLB MISS] PID: 0 NRO_PAG: 3
[INFO] 17:38:27:428 MEMORIA/(5576:5576): || TLB FIFO || [VICTIMA] PID: 0 | NRO_PAG: 1 | FRAME: 1 ||| [NUEVA ENTRADA] PID: 0 | NRO_PAG: 3 | FRAME: 3 | 

[INFO] 17:38:27:430 MEMORIA/(5576:5576): Se le asignaron correctamente 12 bytes al proceso 0.
[INFO] 17:38:27:887 MEMORIA/(5576:5576): Alocando 40 bytes de memoria para el proceso 0.
[INFO] 17:38:27:887 MEMORIA/(5576:5576): [TLB MISS] PID: 0 NRO_PAG: 0
[INFO] 17:38:27:887 MEMORIA/(5576:5576): || TLB FIFO || [VICTIMA] PID: 0 | NRO_PAG: 2 | FRAME: 2 ||| [NUEVA ENTRADA] PID: 0 | NRO_PAG: 0 | FRAME: 0 | 

[INFO] 17:38:27:888 MEMORIA/(5576:5576): [TLB HIT] PID: 0  NRO_PAG: 0  FRAME: 0 

[INFO] 17:38:27:888 MEMORIA/(5576:5576): [TLB MISS] PID: 0 NRO_PAG: 1
[INFO] 17:38:27:888 MEMORIA/(5576:5576): || TLB FIFO || [VICTIMA] PID: 0 | NRO_PAG: 3 | FRAME: 3 ||| [NUEVA ENTRADA] PID: 0 | NRO_PAG: 1 | FRAME: 1 | 

[INFO] 17:38:27:889 MEMORIA/(5576:5576): [TLB HIT] PID: 0  NRO_PAG: 1  FRAME: 1 

[INFO] 17:38:27:891 MEMORIA/(5576:5576): [TLB MISS] PID: 0 NRO_PAG: 2
[INFO] 17:38:27:891 MEMORIA/(5576:5576): || TLB FIFO || [VICTIMA] PID: 0 | NRO_PAG: 0 | FRAME: 0 ||| [NUEVA ENTRADA] PID: 0 | NRO_PAG: 2 | FRAME: 2 | 

[INFO] 17:38:27:893 MEMORIA/(5576:5576): [TLB HIT] PID: 0  NRO_PAG: 2  FRAME: 2 

[INFO] 17:38:27:893 MEMORIA/(5576:5576): [TLB MISS] PID: 0 NRO_PAG: 3
[INFO] 17:38:27:893 MEMORIA/(5576:5576): || TLB FIFO || [VICTIMA] PID: 0 | NRO_PAG: 1 | FRAME: 1 ||| [NUEVA ENTRADA] PID: 0 | NRO_PAG: 3 | FRAME: 3 | 

[INFO] 17:38:27:893 MEMORIA/(5576:5576): [TLB HIT] PID: 0  NRO_PAG: 3  FRAME: 3 

[INFO] 17:38:27:893 MEMORIA/(5576:5576): [TLB HIT] PID: 0  NRO_PAG: 3  FRAME: 3 

[INFO] 17:38:27:893 MEMORIA/(5576:5576): [TLB MISS] PID: 0 NRO_PAG: 4
[INFO] 17:38:27:893 MEMORIA/(5576:5576): || TLB FIFO || [VICTIMA] PID: 0 | NRO_PAG: 2 | FRAME: 2 ||| [NUEVA ENTRADA] PID: 0 | NRO_PAG: 4 | FRAME: 4 | 

[INFO] 17:38:27:894 MEMORIA/(5576:5576): Se le asignaron correctamente 40 bytes al proceso 0.
[INFO] 17:38:28:680 MEMORIA/(5576:5576): [TLB MISS] PID: 0 NRO_PAG: 0
[INFO] 17:38:28:680 MEMORIA/(5576:5576): || TLB FIFO || [VICTIMA] PID: 0 | NRO_PAG: 3 | FRAME: 3 ||| [NUEVA ENTRADA] PID: 0 | NRO_PAG: 0 | FRAME: 0 | 

[INFO] 17:38:28:682 MEMORIA/(5576:5576): [TLB HIT] PID: 0  NRO_PAG: 0  FRAME: 0 

[INFO] 17:38:28:683 MEMORIA/(5576:5576): [TLB HIT] PID: 0  NRO_PAG: 0  FRAME: 0 

[INFO] 17:40:03:581 MEMORIA/(5705:5705): TLB inicializada correctamente
[INFO] 17:40:03:581 MEMORIA/(5705:5705): Tengo 12 frames de 32 bytes en memoria principal
[INFO] 17:40:04:082 MEMORIA/(5705:5705): Inicializa memoria
[INFO] 17:40:04:239 MEMORIA/(5705:5705): Ya me conecte con swamp y los marcos max son: 0 

[INFO] 17:40:04:381 MEMORIA/(5705:5705): Inicializando el proceso 0...
[INFO] 17:40:04:382 MEMORIA/(5705:5705): El proceso 0 fue inicializado correctamente.
[INFO] 17:40:04:382 MEMORIA/(5705:5705): Se le asignaron correctamente 10 bytes al proceso 0.
[INFO] 17:40:04:536 MEMORIA/(5705:5705): Alocando 12 bytes de memoria para el proceso 0.
[INFO] 17:40:04:536 MEMORIA/(5705:5705): [TLB MISS] PID: 0 NRO_PAG: 0
[INFO] 17:40:04:537 MEMORIA/(5705:5705): [TLB HIT] PID: 0  NRO_PAG: 0  FRAME: 0 

[INFO] 17:40:04:539 MEMORIA/(5705:5705): [TLB HIT] PID: 0  NRO_PAG: 0  FRAME: 0 

[INFO] 17:40:04:539 MEMORIA/(5705:5705): [TLB HIT] PID: 0  NRO_PAG: 0  FRAME: 0 

[INFO] 17:40:04:541 MEMORIA/(5705:5705): [TLB MISS] PID: 0 NRO_PAG: 1
[INFO] 17:40:04:541 MEMORIA/(5705:5705): Se le asignaron correctamente 12 bytes al proceso 0.
[INFO] 17:40:04:969 MEMORIA/(5705:5705): Alocando 10 bytes de memoria para el proceso 0.
[INFO] 17:40:04:969 MEMORIA/(5705:5705): [TLB HIT] PID: 0  NRO_PAG: 0  FRAME: 0 

[INFO] 17:40:04:969 MEMORIA/(5705:5705): [TLB HIT] PID: 0  NRO_PAG: 0  FRAME: 0 

[INFO] 17:40:04:969 MEMORIA/(5705:5705): [TLB HIT] PID: 0  NRO_PAG: 1  FRAME: 1 

[INFO] 17:40:04:969 MEMORIA/(5705:5705): [TLB HIT] PID: 0  NRO_PAG: 1  FRAME: 1 

[INFO] 17:40:04:969 MEMORIA/(5705:5705): [TLB HIT] PID: 0  NRO_PAG: 1  FRAME: 1 

[INFO] 17:40:04:969 MEMORIA/(5705:5705): [TLB HIT] PID: 0  NRO_PAG: 1  FRAME: 1 

[INFO] 17:40:04:969 MEMORIA/(5705:5705): [TLB MISS] PID: 0 NRO_PAG: 2
[INFO] 17:40:04:969 MEMORIA/(5705:5705): || TLB FIFO || [VICTIMA] PID: 0 | NRO_PAG: 0 | FRAME: 0 ||| [NUEVA ENTRADA] PID: 0 | NRO_PAG: 2 | FRAME: 2 | 

[INFO] 17:40:04:969 MEMORIA/(5705:5705): Se le asignaron correctamente 10 bytes al proceso 0.
[INFO] 17:40:05:304 MEMORIA/(5705:5705): Alocando 12 bytes de memoria para el proceso 0.
[INFO] 17:40:05:304 MEMORIA/(5705:5705): [TLB MISS] PID: 0 NRO_PAG: 0
[INFO] 17:40:05:304 MEMORIA/(5705:5705): || TLB FIFO || [VICTIMA] PID: 0 | NRO_PAG: 1 | FRAME: 1 ||| [NUEVA ENTRADA] PID: 0 | NRO_PAG: 0 | FRAME: 0 | 

[INFO] 17:40:05:306 MEMORIA/(5705:5705): [TLB HIT] PID: 0  NRO_PAG: 0  FRAME: 0 

[INFO] 17:40:05:307 MEMORIA/(5705:5705): [TLB MISS] PID: 0 NRO_PAG: 1
[INFO] 17:40:05:308 MEMORIA/(5705:5705): || TLB FIFO || [VICTIMA] PID: 0 | NRO_PAG: 2 | FRAME: 2 ||| [NUEVA ENTRADA] PID: 0 | NRO_PAG: 1 | FRAME: 1 | 

[INFO] 17:40:05:308 MEMORIA/(5705:5705): [TLB HIT] PID: 0  NRO_PAG: 1  FRAME: 1 

[INFO] 17:40:05:309 MEMORIA/(5705:5705): [TLB MISS] PID: 0 NRO_PAG: 2
[INFO] 17:40:05:309 MEMORIA/(5705:5705): || TLB FIFO || [VICTIMA] PID: 0 | NRO_PAG: 0 | FRAME: 0 ||| [NUEVA ENTRADA] PID: 0 | NRO_PAG: 2 | FRAME: 2 | 

[INFO] 17:40:05:309 MEMORIA/(5705:5705): [TLB HIT] PID: 0  NRO_PAG: 1  FRAME: 1 

[INFO] 17:40:05:310 MEMORIA/(5705:5705): [TLB HIT] PID: 0  NRO_PAG: 2  FRAME: 2 

[INFO] 17:40:05:311 MEMORIA/(5705:5705): [TLB HIT] PID: 0  NRO_PAG: 1  FRAME: 1 

[INFO] 17:40:05:313 MEMORIA/(5705:5705): Se le asignaron correctamente 12 bytes al proceso 0.
[INFO] 17:40:05:586 MEMORIA/(5705:5705): Alocando 12 bytes de memoria para el proceso 0.
[INFO] 17:40:05:586 MEMORIA/(5705:5705): [TLB MISS] PID: 0 NRO_PAG: 0
[INFO] 17:40:05:586 MEMORIA/(5705:5705): || TLB FIFO || [VICTIMA] PID: 0 | NRO_PAG: 1 | FRAME: 1 ||| [NUEVA ENTRADA] PID: 0 | NRO_PAG: 0 | FRAME: 0 | 

[INFO] 17:40:05:589 MEMORIA/(5705:5705): [TLB HIT] PID: 0  NRO_PAG: 0  FRAME: 0 

[INFO] 17:40:05:592 MEMORIA/(5705:5705): [TLB MISS] PID: 0 NRO_PAG: 1
[INFO] 17:40:05:592 MEMORIA/(5705:5705): || TLB FIFO || [VICTIMA] PID: 0 | NRO_PAG: 2 | FRAME: 2 ||| [NUEVA ENTRADA] PID: 0 | NRO_PAG: 1 | FRAME: 1 | 

[INFO] 17:40:05:595 MEMORIA/(5705:5705): [TLB HIT] PID: 0  NRO_PAG: 1  FRAME: 1 

[INFO] 17:40:05:595 MEMORIA/(5705:5705): [TLB MISS] PID: 0 NRO_PAG: 2
[INFO] 17:40:05:595 MEMORIA/(5705:5705): || TLB FIFO || [VICTIMA] PID: 0 | NRO_PAG: 0 | FRAME: 0 ||| [NUEVA ENTRADA] PID: 0 | NRO_PAG: 2 | FRAME: 2 | 

[INFO] 17:40:05:595 MEMORIA/(5705:5705): [TLB HIT] PID: 0  NRO_PAG: 2  FRAME: 2 

[INFO] 17:40:05:597 MEMORIA/(5705:5705): [TLB HIT] PID: 0  NRO_PAG: 2  FRAME: 2 

[INFO] 17:40:05:597 MEMORIA/(5705:5705): [TLB HIT] PID: 0  NRO_PAG: 2  FRAME: 2 

[INFO] 17:40:05:597 MEMORIA/(5705:5705): [TLB MISS] PID: 0 NRO_PAG: 3
[INFO] 17:40:05:597 MEMORIA/(5705:5705): || TLB FIFO || [VICTIMA] PID: 0 | NRO_PAG: 1 | FRAME: 1 ||| [NUEVA ENTRADA] PID: 0 | NRO_PAG: 3 | FRAME: 3 | 

[INFO] 17:40:05:598 MEMORIA/(5705:5705): Se le asignaron correctamente 12 bytes al proceso 0.
[INFO] 17:40:05:977 MEMORIA/(5705:5705): Alocando 40 bytes de memoria para el proceso 0.
[INFO] 17:40:05:977 MEMORIA/(5705:5705): [TLB MISS] PID: 0 NRO_PAG: 0
[INFO] 17:40:05:977 MEMORIA/(5705:5705): || TLB FIFO || [VICTIMA] PID: 0 | NRO_PAG: 2 | FRAME: 2 ||| [NUEVA ENTRADA] PID: 0 | NRO_PAG: 0 | FRAME: 0 | 

[INFO] 17:40:05:977 MEMORIA/(5705:5705): [TLB HIT] PID: 0  NRO_PAG: 0  FRAME: 0 

[INFO] 17:40:05:977 MEMORIA/(5705:5705): [TLB MISS] PID: 0 NRO_PAG: 1
[INFO] 17:40:05:977 MEMORIA/(5705:5705): || TLB FIFO || [VICTIMA] PID: 0 | NRO_PAG: 3 | FRAME: 3 ||| [NUEVA ENTRADA] PID: 0 | NRO_PAG: 1 | FRAME: 1 | 

[INFO] 17:40:05:978 MEMORIA/(5705:5705): [TLB HIT] PID: 0  NRO_PAG: 1  FRAME: 1 

[INFO] 17:40:05:978 MEMORIA/(5705:5705): [TLB MISS] PID: 0 NRO_PAG: 2
[INFO] 17:40:05:978 MEMORIA/(5705:5705): || TLB FIFO || [VICTIMA] PID: 0 | NRO_PAG: 0 | FRAME: 0 ||| [NUEVA ENTRADA] PID: 0 | NRO_PAG: 2 | FRAME: 2 | 

[INFO] 17:40:05:978 MEMORIA/(5705:5705): [TLB HIT] PID: 0  NRO_PAG: 2  FRAME: 2 

[INFO] 17:40:05:979 MEMORIA/(5705:5705): [TLB MISS] PID: 0 NRO_PAG: 3
[INFO] 17:40:05:979 MEMORIA/(5705:5705): || TLB FIFO || [VICTIMA] PID: 0 | NRO_PAG: 1 | FRAME: 1 ||| [NUEVA ENTRADA] PID: 0 | NRO_PAG: 3 | FRAME: 3 | 

[INFO] 17:40:05:979 MEMORIA/(5705:5705): [TLB HIT] PID: 0  NRO_PAG: 3  FRAME: 3 

[INFO] 17:40:05:979 MEMORIA/(5705:5705): [TLB HIT] PID: 0  NRO_PAG: 3  FRAME: 3 

[INFO] 17:40:05:980 MEMORIA/(5705:5705): [TLB MISS] PID: 0 NRO_PAG: 4
[INFO] 17:40:05:980 MEMORIA/(5705:5705): || TLB FIFO || [VICTIMA] PID: 0 | NRO_PAG: 2 | FRAME: 2 ||| [NUEVA ENTRADA] PID: 0 | NRO_PAG: 4 | FRAME: 4 | 

[INFO] 17:40:05:982 MEMORIA/(5705:5705): Se le asignaron correctamente 40 bytes al proceso 0.
[INFO] 17:40:06:433 MEMORIA/(5705:5705): [TLB MISS] PID: 0 NRO_PAG: 0
[INFO] 17:40:06:434 MEMORIA/(5705:5705): || TLB FIFO || [VICTIMA] PID: 0 | NRO_PAG: 3 | FRAME: 3 ||| [NUEVA ENTRADA] PID: 0 | NRO_PAG: 0 | FRAME: 0 | 

[INFO] 17:40:06:434 MEMORIA/(5705:5705): [TLB HIT] PID: 0  NRO_PAG: 0  FRAME: 0 

[INFO] 17:40:06:439 MEMORIA/(5705:5705): [TLB HIT] PID: 0  NRO_PAG: 0  FRAME: 0 

[INFO] 17:40:17:580 MEMORIA/(5705:5705): [TLB HIT] PID: 0  NRO_PAG: 0  FRAME: 0 

